2023-11-19 17:53:48,584 - INFO - List of training blobs: ['data/train/train_data.csv']
2023-11-19 17:53:48,769 - INFO - Time series data loaded successfully.
2023-11-19 17:53:50,522 - INFO - Data normalized successfully.
2023-11-19 17:53:50,523 - INFO - Data transformation completed successfully.
2023-11-19 17:53:52,113 - INFO - Model training completed successfully.
2023-11-19 17:53:52,130 - ERROR - Error uploading model: [Errno 2] No such file or directory: 'gs://timeseries-end-to-end/models/model_19-11-2023-175352.joblib'
2023-11-19 17:53:52,130 - ERROR - Error during script execution: [Errno 2] No such file or directory: 'gs://timeseries-end-to-end/models/model_19-11-2023-175352.joblib'
2023-11-19 17:58:09,506 - INFO - List of training blobs: ['data/train/train_data.csv']
2023-11-19 17:58:09,746 - INFO - Time series data loaded successfully.
2023-11-19 17:58:11,122 - INFO - Data normalized successfully.
2023-11-19 17:58:11,124 - INFO - Data transformation completed successfully.
2023-11-19 17:58:12,310 - INFO - Model training completed successfully.
2023-11-19 17:58:18,780 - INFO - Model successfully uploaded to gs://timeseries-end-to-end/models/
2023-11-19 17:58:18,783 - INFO - Script execution completed successfully.
2023-11-19 18:02:42,717 - INFO - List of training blobs: ['data/train/train_data.csv']
2023-11-19 18:02:42,938 - INFO - Time series data loaded successfully.
2023-11-19 18:02:44,483 - INFO - Data normalized successfully.
2023-11-19 18:02:44,484 - INFO - Data transformation completed successfully.
2023-11-19 18:02:45,845 - INFO - Model training completed successfully.
2023-11-19 18:02:48,356 - INFO - Model successfully uploaded to gs://timeseries-end-to-end/models/
2023-11-19 18:02:48,358 - INFO - Script execution completed successfully.
2023-11-19 18:02:48,754 - INFO - Data successfully uploaded to log_file.log
